#
# An unexpected error has occurred (11)
#
Stack:
/HDD/tools/XilEnt/Vivado/2022.2/tps/lnx64/jre11.0.11_9/lib//server/libjvm.so(+0xbefecb) [0x7c6f441efecb]
/HDD/tools/XilEnt/Vivado/2022.2/tps/lnx64/jre11.0.11_9/lib//server/libjvm.so(JVM_handle_linux_signal+0xd1) [0x7c6f441f6c81]
/HDD/tools/XilEnt/Vivado/2022.2/tps/lnx64/jre11.0.11_9/lib//server/libjvm.so(+0xbead23) [0x7c6f441ead23]
/HDD/tools/XilEnt/Vivado/2022.2/tps/lnx64/javafx-sdk-11.0.2/lib/libjfxwebkit.so(+0x205ae18) [0x7c6efaa5ae18]
/lib/x86_64-linux-gnu/libc.so.6(+0x42520) [0x7c6f8be42520]
/HDD/tools/XilEnt/Vivado/2022.2/lib/lnx64.o/librdi_coregen.so(+0x110b450) [0x7c6f7430b450]
/HDD/tools/XilEnt/Vivado/2022.2/lib/lnx64.o/librdi_coregen.so(HRSBCoAbsDefUtil::isClockAbsDefPort(std::__cxx11::basic_string<char, std::char_traits<char>, std::allocator<char> > const&) const+0x10) [0x7c6f7470a030]
/HDD/tools/XilEnt/Vivado/2022.2/lib/lnx64.o/librdi_rsb.so(HRSBEnUtil::writeOOCXdcFile(std::__cxx11::basic_string<char, std::char_traits<char>, std::allocator<char> > const&, HRSBMoDiagram*)+0x50d) [0x7c6f6265448d]
/HDD/tools/XilEnt/Vivado/2022.2/lib/lnx64.o/librdi_rsb.so(HRSBEnEngineMgr::generateDesign(std::__cxx11::basic_string<char, std::char_traits<char>, std::allocator<char> > const&, std::__cxx11::basic_string<char, std::char_traits<char>, std::allocator<char> > const&, bool)+0xfd2) [0x7c6f625e1722]
/HDD/tools/XilEnt/Vivado/2022.2/lib/lnx64.o/librdi_rsb.so(HRSBEnCompositeFile::generateTopHdlWrapper(std::__cxx11::basic_string<char, std::char_traits<char>, std::allocator<char> > const&, HDGUIStatus&, bool)+0x149) [0x7c6f6257c1c9]
/HDD/tools/XilEnt/Vivado/2022.2/lib/lnx64.o/librdi_rsb.so(HRSBEnCompositeFile::generateTopHdlSrc(std::__cxx11::basic_string<char, std::char_traits<char>, std::allocator<char> > const&, HDARPart const*, std::__cxx11::basic_string<char, std::char_traits<char>, std::allocator<char> >&, HDGUIStatus&, std::__cxx11::basic_string<char, std::char_traits<char>, std::allocator<char> >)+0x5c5) [0x7c6f6257ed65]
/HDD/tools/XilEnt/Vivado/2022.2/lib/lnx64.o/librdi_tcltasks.so(+0x13c709e) [0x7c6f79fc709e]
/HDD/tools/XilEnt/Vivado/2022.2/lib/lnx64.o/librdi_common.so(+0xb9430f) [0x7c6f8d99430f]
/HDD/tools/XilEnt/Vivado/2022.2/lib/lnx64.o/libtcl8.5.so(+0x3356f) [0x7c6f8543356f]
/HDD/tools/XilEnt/Vivado/2022.2/lib/lnx64.o/libtcl8.5.so(+0x76945) [0x7c6f85476945]
/HDD/tools/XilEnt/Vivado/2022.2/lib/lnx64.o/libtcl8.5.so(+0x7e0f9) [0x7c6f8547e0f9]
/HDD/tools/XilEnt/Vivado/2022.2/lib/lnx64.o/libtcl8.5.so(TclEvalObjEx+0x76) [0x7c6f85435216]
/HDD/tools/XilEnt/Vivado/2022.2/lib/lnx64.o/librdi_common.so(+0xb91c33) [0x7c6f8d991c33]
/HDD/tools/XilEnt/Vivado/2022.2/lib/lnx64.o/libtcl8.5.so(Tcl_ServiceEvent+0x7f) [0x7c6f854a7bef]
/HDD/tools/XilEnt/Vivado/2022.2/lib/lnx64.o/libtcl8.5.so(Tcl_DoOneEvent+0x154) [0x7c6f854a7f24]
/HDD/tools/XilEnt/Vivado/2022.2/lib/lnx64.o/librdi_commontasks.so(+0x2b3c27) [0x7c6f7d6b3c27]
/HDD/tools/XilEnt/Vivado/2022.2/lib/lnx64.o/librdi_commontasks.so(+0x2bc4f7) [0x7c6f7d6bc4f7]
/HDD/tools/XilEnt/Vivado/2022.2/lib/lnx64.o/librdi_commontasks.so(+0x2bcdff) [0x7c6f7d6bcdff]
/HDD/tools/XilEnt/Vivado/2022.2/lib/lnx64.o/librdi_common.so(+0xb9430f) [0x7c6f8d99430f]
/HDD/tools/XilEnt/Vivado/2022.2/lib/lnx64.o/libtcl8.5.so(+0x3356f) [0x7c6f8543356f]
/HDD/tools/XilEnt/Vivado/2022.2/lib/lnx64.o/libtcl8.5.so(Tcl_EvalObjv+0x32) [0x7c6f854336a2]
/HDD/tools/XilEnt/Vivado/2022.2/lib/lnx64.o/libtcl8.5.so(TclEvalObjEx+0x322) [0x7c6f854354c2]
/HDD/tools/XilEnt/Vivado/2022.2/lib/lnx64.o/librdi_commonmain.so(+0xc3d8) [0x7c6f8e7483d8]
/HDD/tools/XilEnt/Vivado/2022.2/lib/lnx64.o/libtcl8.5.so(Tcl_Main+0x1d0) [0x7c6f854a02f0]
/HDD/tools/XilEnt/Vivado/2022.2/lib/lnx64.o/librdi_common.so(+0xbc17ab) [0x7c6f8d9c17ab]
/lib/x86_64-linux-gnu/libc.so.6(+0x94ac3) [0x7c6f8be94ac3]
/lib/x86_64-linux-gnu/libc.so.6(+0x126850) [0x7c6f8bf26850]
